[   0.000000] Initializing cgroupubs cpust    0.000]Initalin cgroup subsys cp
[    0.000000] Initializngcgroup subsys cuat
[    0.00000]inux version 4.4.0-137-enic(buiddgw1-md-07) (ccerion 5..0010609(Unt 5.4.06unt1~16040)) #16-Untu SMP Mn Sep243:1443TC2018 Ubtu4..037163-geri4.4.144
  0.0000 Cmmand in BOT_IME=oot/vmlinz-4.0-13-generic root=LABEL=cloudimg-root ro console=tty1 console=ttyS0
[    0.000000]KERNEL supported cpus:
[    0.000000]   Intel GenuineIntel
[    0.000000]   AMD AuthenticAMD
[    0.000000]   Centaur CentaurHauls
[    0.000000] x86/fpu: xstate_offset[2]:  576, xstate_sizes[2]:  256
[    0.000000] x86/fpu: Supporting XSAVE feature 0x01: 'x87 floating point registers'
[    0.000000] x86/fpu: Suppoting XSAVE feature 0x02: 'SSE registers'
[    0.000000] x86/fpu: Supporting XSAVE feature 0x04: 'AVX registers'
[    0.000000] x8/fp: Enbld tate features 0x7, context szes 832 bytes ung 'taar' formt.
[    0000] e820:IOprovided phyic RAM mp:
[   00000 BS-820:[m 00000000000000-0x00000009bf uable
[  000000]IO-e20[mm 0x0000000009fc00-0x00000000009ffff] reserved
[    0.000000] BIOS-e820: [mem 0x00000000000f0000-0x00000000000fffff] reserved
[    0.000000] BIOS-e820: [mem 0x0000000000100000-0x000000007ffeffff] usable
[    0.000000] BIOS-e820: [mem 0x000000007fff0000-0x000000007fffffff] ACPI data
[    0.000000] BIOS-e820: [mem 0x00000000fec00000-0x00000000fec00fff] reserved
[    0.000000] BIOS-e820: [mem 0x00000000fee00000-0x00000000fee00fff] reserved
[    0.000000] BIOS-e820: [mem 0x00000000fffc0000-0x00000000ffffffff] reserved
[    0.000000] N (Execute Disable) protection: active
[    0.000000] SMBIOS 2.5 present.
[    0.000000] Hypervisor detected: KVM
[    0.000000] e820: last_pfn = 0x7fff0 max_arch_pfn = 0x400000000
[    0.000000] MTRR: Disabled
[    0.000000] x86/PAT: MTRRs disabled, skipping PAT initialization too.
[    0.000000] CPU MTRRs all blank - virtualized system.
[    0.000000] x86/PAT: Configuration [0-7]: WB  WT  UC- UC  WB  WT  UC- UC  
[    0.000000] found SMP MP-table at [mem 0x0009fff0-0x0009ffff] mapped at [ffff88000009fff0]
[    0.000000] Scanning 1 areas for low memory corruption
[    0.000000] RAMDISK: [mem 0x3630a000-0x3717cfff]
[    0.000000] ACPI: Early table checksum verification disabled
[    0.000000] ACPI: RSDP 0x00000000000E0000 000024 (v02 VBOX  )
[    0.000000] ACPI: XSDT 0x000000007FFF0030 00003C (v01 VBOX   VBOXXSDT 00000001 ASL  00000061)
[    0.000000] ACPI: FACP 0x000000007FFF00F0 0000F4 (v04 VBOX   VBOXFACP 00000001 ASL  00000061)
[    0.000000] ACPI: DSDT 0x000000007FFF0470 0021FF (v02 VBOX   VBOXBIOS 00000002 INTL 20100528)
[    0.000000] ACPI: FACS 0x000000007FFF0200 000040
[    0.000000] ACPI: FACS 0x000000007FFF0200 000040
[    0.000000] ACPI: APIC 0x000000007FF020 0005C v0VBX   OXIC 00000 AL  00061)
[   0.000]ACPISS 0x000000007FFF02A0 001C (v01BO  VBXCUT000000 IL 01005)[    0.000] No UMconfiguatn found
[   0.000] Faking  ne t [mm 00000000000000x000000007ffeffff]
[    0.000000] NODE_DATA(0) allocated [mem 0x7ffeb000-0x7ffeffff]
[    0.000000] kvm-clock: Using msrs 4b564d01 and 4b564d00
[    0.000000] kvm-clock: cpu 0, msr 0:7ffe3001, primary cpu clock
[    0.000000] kvm-clock: using sched offset of 5112820551 cycles
[    0.000000] clocksource: kvm-clock: mask: 0xffffffffffffffff max_cycles: 0x1cd42e4dffb, max_idle_ns: 881590591483 ns
[    0.000000] Zone ranges:
[    0.000000]   DMA      [mem 0x0000000000001000-0x0000000000ffffff]
[    0.000000]   DMA32    [mem 0x0000000001000000-0x00000007ffeffff]
[    0.000000]   Normal   empty
[    0.000000]   Device   empty
[    0.00000] Movable zone start for each node
[    0.000000] Early memory node ranges
[    0.000000]   node   0: [mem 0x0000000000001000-0x000000000009efff]
[    0.000000]   node   0: [mem 0x0000000000100000-0x000000007ffeffff]
[    0.000000] Initmem setup node 0 [mem 0x0000000000001000-0x000000007ffeffff]
[    0.000000] ACPI: PM-Timer IO Port: 0x4008
[    0.000000] IOAPIC[0]: apic_id 2, version 32, address 0xfec00000, GSI 0-23
[    0.000000] ACPI: INT_SRC_OVR (bus 0 bus_irq 0 global_irq 2 dfl dfl)
[    0.000000] ACPI: INT_SRC_OVR (bus 0 bus_irq 9 global_irq 9 low level)
[    0.000000] Using ACPI (MADT) for SMP configuration information
[    0.000000] smpboot: Allowing 2 CPUs, 0 hotplug CPUs
[    0.000000] PM: Registered nosave memory: [mem 0x00000000-0x00000fff]
[    0.000000] PM: Registered nosave memory: [mem 0x0009f000-0x0009ffff]
[    0.000000] PM: Registered nosave memory: [mem 0x000a0000-0x000fff]
[   .0000] P: gitered nosavmemy: [me 00000000x0ffff]
  0.0000] 20 [mem 0x80000000-0feffff ailble orCIdeic
    .0000]Booting parartalizedkeel o K
    0.000] cloksrc: rein-jffies:ask: 0xffffffff max_cycles: 0xffffffff, max_idle_ns: 7645519600211568 ns
[    0.000000] setup_percpu: NR_CPUS:512 nr_cpumask_bits:512 nr_cpu_ids:2 nr_node_ids:1
[    0.000000] PERCPU: Embedded 34 pages/cpu @ffff88007fc00000 s99608 r8192 d31464 u1048576
[    0.000000] PV qspinlock hash table entries: 256 (order: 0, 4096 bytes)
[    0.000000] Built 1 zonelists in Node order, mobility grouping on.  Total pages: 515960
[    0.000000] Policy zone: DMA32
[    0.000000] Kernel command line: BOOT_IMAGE=/boot/vmlinuz-4.4.0-137-generic root=LABEL=cloudimg-rootfs ro console=tty1 console=ttyS0
[    0.000000] PID hash table entries: 4096 (order: 3, 32768 bytes)
[    0.000000] Memory: 2029900K/2096696K available (8555K kernel code, 1314K rwdata, 4004K rodata, 1528K init, 1316K bss, 66796K reserved, 0K cma-reserved)
[    0.000000] SLUB: HWalign=64, Order=0-3, MinObjects=0, CPUs=2, Nodes=1
[    0.000000] Kernel/User page tables isolation: enabed
[    0.000000] Hierarchical RCU implementation.
[    0.000000] 	Build-time adjustment of leaf fanout to 64.
[    0.000000] 	RCU restricting CPUs from NR_CPUS=512 to nr_cpu_ids=2.
[    0.000000] RCU: Adjusting geometry for rcu_fanout_leaf=64, nr_cpu_ids=2
[   0.000000] NR_IRQS:3304 nrir:40 16
[  0.000000 Console:olr VGA+ 8x2
[   .000] cool[tty] abed
  0.00000] console [yS] enabled
[  0000000] tsc: Detected 2712.000 MHz processor
[    5.711008] Calibrating delay loop (skipped) preset value.. 5424.00 BogoMIPS (lpj=10848000)
[    5.841475] pid_max: default: 32768 minimum: 301
[    5.907970] ACPI: Core revision 20150930
[    5.972862] ACPI: 2 ACPI AML tables successfully acquired and loaded
[    6.083038] Security Framework initialized
[    6.119495] Yama: becoming mindful.
[    6.135321] AppArmor: AppArmor initialized
[    6.138455] Dentry cache hash table entries: 262144 (order: 9, 2097152 bytes)
[    6.140832] Inode-cache hash table entries: 131072 (order: 8, 1048576 bytes)
[    6.144745] Mount-cache hash table entries: 4096 (order: 3, 32768 bytes)
[    6.146709] Mountpoint-cache hash table entries: 4096 (order: 3, 32768 bytes)
[    6.149037] Initializing cgroup subsys io
[    6.150882] Initializing cgroup subsys memory
[    6.152404] Initializing cgroup subsys devices
[    6.153833] Initializing cgroup subsys freezer
[    6.155233] Initializing cgroup subsys net_cls
[    6.156562] Initializing cgroup subsys perf_event
[    6.158014] Initializing cgroup subsys net_prio
[    6.159448] Initializing cgroup subsys hugetlb
[    6.160793] Initializing cgroup subsys pids
[    6.163112] mce: CPU supports 0 MCE banks
[    6.164382] Last level iTLB entries: 4KB 64, 2MB 8, 4MB 8
[    6.166159] Last level dTLB entries: 4KB 64, 2MB 0, 4MB 0, 1GB 4
[    6.168170] Spectre V2 : Mitigation: Full generic retpoline
[    6.169822] Spectre V2 : Spectre v2 mitigation: Speculation control IBPB not-supported IBRS not-supported
[    6.172694] Spectre V2 : Spectre v2 / SpectreRSB mitigation: Filling RSB on context switch
[    6.175608] Speculative Store Bypass: Vulnerable
[    6.179691] Freeing SMP alternatives memory: 32K
[    6.189818] ftrace: allocating 32265 entries in 127 pages
[    6.244326] smpboot: APIC(0) Converting physical 0 to logical package 0
[    6.350975] smpboot: Max logical packages: 1
[    6.431593] x2apic enabled
[    6.481767] Switched APIC routing to physical x2apic.
[    6.572337] ..TIMER: vector=0x30 apic1=0 pin1=2 apic2=-1 pin2=-1
[    6.755458] smpboot: CPU0: Intel(R) Core(TM) i7-6820HQ CPU @ 2.70GHz (family: 0x6, model: 0x5e, stepping: 0x3)
[    6.900722] Performance Events: unsupported p6 CPU model 94 no PMU driver, software events only.
[    7.031776] KVM setup paravirtual spinlock
[    7.084348] x86: Booting SMP configuration:
[    7.150378] .... node  #0, CPUs:      #1
[    7.228501] kvm-clock: cpu 1, msr 0:7ffe3041, secondary cpu clock
[    7.248399] mce: CPU supports 0 MCE banks
[    7.251540] x86: Booted up 1 node, 2 CPUs
[    7.254112] smpboot: Total of 2 processors activated (10848.00 BogoMIPS)
[    7.256403] devtmpfs: initialized
[    7.259129] evm: security.selinux
[    7.260247] evm: security.SMACK64
[    7.261348] evm: security.SMACK64EXEC
[    7.262536] evm: security.SMACK64TRANSMUTE
[    7.263951] evm: security.SMACK64MMAP
[    7.265196] evm: security.ima
[    7.266428] evm: security.capability
[    7.267869] clocksource: jiffies: mask: 0xffffffff max_cycles: 0xffffffff, max_idle_ns: 7645041785100000 ns
[    7.270651] futex hash table entries: 512 (order: 3, 32768 bytes)
[    7.272730] pinctrl core: initialized pinctrl subsystem
[    7.274398] RTC time: 21:02:50, date: 10/19/18
[    7.276178] NET: Registered protocol family 16
[    7.287323] cpuidle: using governor ladder
[    7.299562] cpuidle: using governor menu
[    7.300867] PCCT header not found.
[    7.302370] ACPI: bus type PCI registered
[    7.303797] acpiphp: ACPI Hot Plug PCI Controller Driver version: 0.5
[    7.305631] PCI: Using configuration type 1 for base access
[    7.320678] ACPI: Added _OSI(Module Device)
[    7.364341] ACPI: Added _OSI(Processor Device)
[    7.416422] ACPI: Added _OSI(3.0 _SCP Extensions)
[    7.461310] ACPI: Added _OSI(Processor Aggregator Device)
[    7.524856] ACPI: Executed 1 blocks of module-level executable AML code
[    7.609434] ACPI: Interpreter enabled
[    7.665784] ACPI: (supports S0 S5)
[    7.712177] ACPI: Using IOAPIC for interrupt routing
[    7.769366] PCI: Using host bridge windows from ACPI; if necessary, use "pci=nocrs" and report a bug
[    7.884611] ACPI: PCI Root Bridge [PCI0] (domain 0000 [bus 00-ff])
[    7.957862] acpi PNP0A03:00: _OSC: OS supports [ASPM ClockPM Segments MSI]
[    8.043788] acpi PNP0A03:00: _OSC: not requesting OS control; OS requires [ExtendedConfig ASPM ClockPM MSI]
[    8.157864] acpi PNP0A03:00: fail to add MMCONFIG information, can't access extended PCI configuration space under this bridge.
[    8.321296] PCI host bridge to bus 0000:00
[    8.363078] pci_bus 0000:00: root bus resource [io  0x0000-0x0cf7 window]
[    8.365089] pci_bus 0000:00: root bus resource [io  0x0d00-0xffff window]
[    8.367045] pci_bus 0000:00: root bus resource [mem 0x000a0000-0x000bffff window]
[    8.369615] pci_bus 0000:00: root bus resource [mem 0x80000000-0xfdffffff window]
[    8.372076] pci_bus 0000:00: root bus resource [bus 00-ff]
[    8.376648] pci 0000:00:01.1: legacy IDE quirk: reg 0x10: [io  0x01f0-0x01f7]
[    8.378728] pci 0000:00:01.1: legacy IDE quirk: reg 0x14: [io  0x03f6]
[    8.380587] pci 0000:00:01.1: legacy IDE quirk: reg 0x18: [io  0x0170-0x0177]
[    8.384626] pci 0000:00:01.1: legacy IDE quirk: reg 0x1c: [io  0x0376]
[    8.424155] pci 0000:00:07.0: quirk: [io  0x4000-0x403f] claimed by PIIX4 ACPI
[    8.508465] pci 0000:00:07.0: quirk: [io  0x4100-0x410f] claimed by PIIX4 SMB
[    8.586993] ACPI: PCI Interrupt Link [LNKA] (IRQs 5 9 10 *11)
[    8.648680] ACPI: PCI Interrupt Link [LNKB] (IRQs 5 9 *10 11)
[    8.714040] ACPI: PCI Interrupt Link [LNKC] (IRQs 5 *9 10 11)
[    8.777193] ACPI: PCI Interrupt Link [LNKD] (IRQs 5 9 10 *11)
[    8.848649] ACPI: Enabled 2 GPEs in block 00 to 07
[    8.911529] vgaarb: setting as boot device: PCI:0000:00:02.0
[    8.980570] vgaarb: device added: PCI:0000:00:02.0,decodes=io+mem,owns=io+mem,locks=none
[    9.077664] vgaarb: loaded
[    9.112318] vgaarb: bridge control possible 0000:00:02.0
[    9.177638] SCSI subsystem initialized
[    9.218049] ACPI: bus type USB registered
[    9.248628] usbcore: registered new interface driver usbfs
[    9.286683] usbcore: registered new interface driver hub
[    9.300709] usbcore: registered new device driver usb
[    9.361050] PCI: Using ACPI for IRQ routing
[    9.416622] NetLabel: Initializing
[    9.450881] NetLabel:  domain hash size = 128
[    9.477192] NetLabel:  protocols = UNLABELED CIPSOv4
[    9.478720] NetLabel:  unlabeled traffic allowed by default
[    9.480781] amd_nb: Cannot enumerate AMD northbridges
[    9.482524] clocksource: Switched to clocksource kvm-clock
[    9.494574] AppArmor AppArmor Filesystem Enabled
[    9.521846] pnp: PnP ACPI init
[    9.524182] pnp: PnP ACPI: found 3 devices

[    9.538841] clocksource: acpi_pm: mask: 0xffffff max_cycles: 0xffffff, max_idle_ns: 2085701024 ns
[    9.541093] NET: Registered protocol family 2
[    9.542377] TCP established hash table entries: 16384 (order: 5, 131072 bytes)
[    9.544275] TCP bind hash table entries: 16384 (order: 6, 262144 bytes)
[    9.545840] TCP: Hash tables configured (established 16384 bind 16384)
[    9.54739 U hh table eri: 24orde:  368yt)  0.76] P-teastae tries: 1024 (order: 3, 32768 bes)
[   10.627140] NET: Registered protocol family 1
[   10.628883] pci 0000:00:00.0: Limiting direct PCI/PCI transfers
[   10.631288] pci 0000:00:01.0: Activating ISA DMA hang workarounds
[   10.634142] Unpacking initramfs...

[   10.885836] Freeing initrd memory: 14796K
[   10.936882] platform rtc_cmos: registered platform RTC device (no PNP device found)
[   11.152872] Scanning for low memory corruption every 60 seconds
[   11.299075] audit: initializing netlink subsys (disabled)
[   11.383456] audit: type=2000 audit(1539982972.723:1): initialized
[   11.509878] Initialise system trusted keyring
[   11.600589] HugeTLB registered 2 MB page size, pre-allocated 0 pages
[   11.701732] zbud: loaded
[   11.734897] VFS: Disk quotas dquot_6.6.0
[   11.737756] VFS: Dquot-cache hash table entries: 512 (order 0, 4096 bytes)
[   11.740058] squashfs: version 4.0 (2009/01/31) Phillip Lougher
[   11.742190] fuse init (API version 7.23)
[   11.743600] Key type big_key registered
[   11.744889] Allocating IMA MOK and blacklist keyrings.
[   11.750478] Key type asymmetric registered
[   11.752075] Asymmetric key parser 'x509' registered
[   11.756805] Block layer SCSI generic (bsg) driver version 0.4 loaded (major 249)
[   11.759105] io scheduler noop registered
[   11.760334] io scheduler deadline registered (default)
[   11.763108] io scheduler cfq registered
[   11.764437] pci_hotplug: PCI Hot Plug PCI Core version: 0.5
[   11.766201] pciehp: PCI Express Hot Plug Controller Driver version: 0.4
[   11.768785] ACPI: AC Adapter [AC] (on-line)
[   11.771720] input: Power Button as /devices/LNXSYSTM:00/LNXPWRBN:00/input/input0
[   11.778486] ACPI: Power Button [PWRF]
[   11.781696] input: Sleep Button as /devices/LNXSYSTM:00/LNXSLPBN:00/input/input1
[   11.784304] ACPI: Sleep Button [SLPF]
[   11.786658] GHES: HEST is not enabled!
[   11.786887] ACPI: Battery Slot [BAT0] (battery present)
[   11.789631] Serial: 8250/16550 driver, 32 ports, IRQ sharing enabled
[ 11.8229] 0:0 tS0t O 3f(i =4,as_bd 1100is 150
[[   11.93459ts Refined TSC clocksource calibration: 2711.359 MHz
[   11.934561] clocksource: tsc: mask: 0xffffffffffffffff max_cycles: 0x271528cd696, max_idle_ns: 440795305963 ns
[   12.885715] Linux agpgart interface v0.103
[   12.890480] loop: module loaded
[   12.893658] scsi host0: ata_piix
[   12.894988] scsi host1: ata_piix
[   12.896205] ata1: PATA max UDMA/33 cmd 0x1f0 ctl 0x3f6 bmdma 0xd000 irq 14
[   12.900062] ata2: PATA max UDMA/33 cmd 0x170 ctl 0x376 bmdma 0xd008 irq 15
[   12.902712] libphy: Fixed MDIO Bus: probed
[   12.904113] tun: Universal TUN/TAP device driver, 1.6
[   12.905578] tun: (C) 1999-2004 Max Krasnyansky <maxk@qualcomm.com>
[   12.907421] PPP generic driver version 2.4.2
[   12.908816] ehci_hcd: USB 2.0 'Enhanced' Host Controller (EHCI) Driver
[   12.910776] ehci-pci: EHCI PCI platform driver
[   12.912185] ehci-platform: EHCI generic platform driver
[   12.913804] ohci_hcd: USB 1.1 'Open' Host Controller (OHCI) Driver
[   12.917091] ohci-pci: OHCI PCI platform driver
[   12.918298] ohci-platform: OHCI generic platform driver
[   12.919656] uhci_hcd: USB Universal Host Controller Interface driver
[   12.921270] i8042: PNP: PS/2 Controller [PNP0303:PS2K,PNP0f03:PS2M] at 0x60,0x64 irq 1,12
[   13.049352] serio: i8042 KBD port at 0x60,0x64 irq 1
[   13.118453] serio: i8042 AUX port at 0x60,0x64 irq 12
[   13.239632] mousedev: PS/2 mouse device common for all mice
[   13.399064] rtc_cmos rtc_cmos: rtc core: registered rtc_cmos as rtc0
[   13.496718] rtc_cmos rtc_cmos: alarms up to one day, 114 bytes nvram
[   13.667692] i2c /dev entries driver
[   13.751688] input: AT Translated Set 2 keyboard as /devices/platform/i8042/serio0/input/input2
[   13.951112] device-mapper: uevent: version 1.0.3
[   13.971709] device-mapper: ioctl: 4.34.0-ioctl (2015-10-28) initialised: dm-devel@redhat.com
[   13.974269] ledtrig-cpu: registered to indicate activity on CPUs
[   13.976747] NET: Registered protocol family 10
[   13.978339] NET: Registered protocol family 17
[   13.979784] Key type dns_resolver registered
[   13.981344] registered taskstats version 1
[   13.982728] Loading compiled-in X.509 certificates
[   13.984941] Loaded X.509 cert 'Build time autogenerated kernel key: 20acc96b50ca7641011eace69d32209215a9b56f'
[   13.988094] zswap: loaded using pool lzo/zbud
[   13.991381] Key type trusted registered
[   13.995891] Key type encrypted registered
[   13.998335] AppArmor: AppArmor sha1 policy hashing enabled
[   14.000434] ima: No TPM chip found, activating TPM-bypass!
[   14.002190] ima: Allocated hash algorithm: sha1
[   14.003822] evm: HMAC attrs: 0x1
[   14.005476]   Magic number: 6:642:45
[   14.006723] rtc_cmos rtc_cmos: setting system clock to 2018-10-19 21:02:57 UTC (1539982977)
[   14.009478] BIOS EDD facility v0.16 2004-Jun-25, 0 devices found
[   14.012549] EDD information not available.
[   14.015385] Freeing unused kernel memory: 1528K
[   14.026628] Write protecting the kernel read-only data: 14336k
[   14.030239] Freeing unused kernel memory: 1672K
[   14.031950] Freeing unused kernel memory: 92K
Loading, please wait...
[   14.045633] random: systemd-udevd: uninitialized urandom read (16 bytes read, 5 bits of entropy available)
starting version[   14.046205] random: udevadm: uninitialized urandom read (16 bytes read, 5 bits of entropy available)
 229
[   14.046221] random: udevadm: uninitialized urandom read (16 bytes read, 5 bits of entropy available)
[   14.053472] random: udevadm: uninitialized urandom read (16 bytes read, 5 bits of entropy available)
[   14.053508] random: udevadm: uninitialized urandom read (16 bytes read, 5 bits of entropy available)
[   14.053619] random: udevadm: uninitialized urandom read (16 bytes read, 5 bits of entropy available)
[   14.053661] random: udevadm: uninitialized urandom read (16 bytes read, 5 bits of entropy available)
[   14.053700] random: udevadm: uninitialized urandom read (16 bytes read, 5 bits of entropy available)
[   14.053739] random: udevadm: uninitialized urandom read (16 bytes read, 5 bits of entropy available)
[   14.053809] random: udevadm: uninitialized urandom read (16 bytes read, 5 bits of entropy available)
[   15.121532] e1000: Intel(R) PRO/1000 Network Driver - version 7.3.21-k8-NAPI
[   15.127149] e1000: Copyright (c) 1999-2006 Intel Corporation.
[   15.132732] Fusion MPT base driver 3.04.20
[   15.138664] Copyright (c) 1999-2008 LSI Corporation
[   15.149226] Fusion MPT SPI Host driver 3.04.20
[   15.179961] AVX2 version of gcm_enc/dec engaged.
[   15.183670] AES CTR mode by8 optimization enabled
[   15.347400] input: ImExPS/2 Generic Explorer Mouse as /devices/platform/i8042/serio1/input/input4
[   15.561028] e1000 0000:00:03.0 eth0: (PCI:33MHz:32-bit) 02:e1:e1:d1:e4:77
[   15.691098] e1000 0000:00:03.0 eth0: Intel(R) PRO/1000 Network Connection
[   15.788172] mptbase: ioc0: Initiating bringup
[   15.955555] ioc0: LSI53C1030 A0: Capabilities={Initiator}
[   16.865121] scsi host2: ioc0: LSI53C1030 A0, FwRev=00000000h, Ports=1, MaxQ=256, IRQ=20
[   17.581315] scsi 2:0:0:0: Direct-Access     VBOX     HARDDISK         1.0  PQ: 0 ANSI: 5
[   18.276578] scsi target2:0:0: Beginning Domain Validation
[   18.370089] scsi target2:0:0: Domain Validation skipping write tests
[   18.450401] scsi target2:0:0: Ending Domain Validation
[   18.479081] scsi target2:0:0: asynchronous
[   18.484267] scsi 2:0:1:0: Direct-Access     VBOX     HARDDISK         1.0  PQ: 0 ANSI: 5
[   18.487324] scsi target2:0:1: Beginning Domain Validation
[   18.490452] scsi target2:0:1: Domain Validation skipping write tests
[   18.492750] scsi target2:0:1: Ending Domain Validation
[   18.506094] scsi target2:0:1: asynchronous
[   18.517383] sd 2:0:0:0: Attached scsi generic sg0 type 0
[   18.522601] sd 2:0:0:0: [sda] 20971520 512-byte logical blocks: (10.7 GB/10.0 GiB)
[   18.525755] sd 2:0:1:0: Attached scsi generic sg1 type 0
[   18.527872] sd 2:0:0:0: [sda] Write Protect is off
[   18.529565] sd 2:0:1:0: [sdb] 20480 512-byte logical blocks: (10.5 MB/10.0 MiB)
[   18.537968] sd 2:0:0:0: [sda] Incomplete mode parameter data
[   18.552775] sd 2:0:0:0: [sda] Assuming drive cache: write through
[   18.655515] sd 2:0:1:0: [sdb] Write Protect is off
[   18.698716] sd 2:0:1:0: [sdb] Incomplete mode parameter data
[   18.752591] e1000 0000:00:08.0 eth1: (PCI:33MHz:32-bit) 08:00:27:70:2a:fa
[   18.752595] e1000 0000:00:08.0 eth1: Intel(R) PRO/1000 Network Connection
[   18.801308] e1000 0000:00:08.0 enp0s8: renamed from eth1
[   19.132778] sd 2:0:1:0: [sdb] Assuming drive cache: write through
[   19.246587]  sda: sda1
[   19.291264] e1000 0000:00:03.0 enp0s3: renamed from eth0
[   19.378180] sd 2:0:0:0: [sda] Attached SCSI disk
[   19.379458] sd 2:0:1:0: [sdb] Attached SCSI disk
Begin: Loading e[   20.918743] md: linear personality registered for level -1
ssential drivers[   21.029517] md: multipath personality registered for level -4
 ... [   21.200890] md: raid0 personality registered for level 0
[   21.328573] md: raid1 personality registered for level 1
[   21.477153] raid6: sse2x1   gen() 10899 MB/s
[   21.610692] raid6: sse2x1   xor()  7884 MB/s
[   21.742549] raid6: sse2x2   gen() 12898 MB/s
[   21.862811] raid6: sse2x2   xor()  8403 MB/s
[   21.930892] raid6: sse2x4   gen() 13843 MB/s
[   22.110096] raid6: sse2x4   xor() 10174 MB/s
[   22.260240] raid6: avx2x1   gen() 23614 MB/s
[   22.396036] raid6: avx2x2   gen() 24509 MB/s
[   22.606870] raid6: avx2x4   gen() 26041 MB/s
[   22.711549] raid6: using algorithm avx2x4 gen() 26041 MB/s
[   22.861117] raid6: using avx2x2 recovery algorithm
[   22.935285] xor: automatically using best checksumming function:
[   22.982610]    avx       : 23872.000 MB/sec
[   22.985612] async_tx: api initialized (async)
[   22.995235] md: raid6 personality registered for level 6
[   22.996935] md: raid5 personality registered for level 5
[   22.998648] md: raid4 personality registered for level 4
[   23.006372] md: raid10 personality registered for level 10
done.
Begin: Running /scripts/init-premount ... done.
Begin: Mounting root file system ... Begin: Running /scripts/[   23.037266] Btrfs loaded
local-top ... done.
Begin: Running /scripts/local-premount ... Scanning for Btrfs filesystems
done.
Warning: fsck not present, so skipping root file system
[   23.119675] EXT4-fs (sda1): mounted filesystem with ordered data mode. Opts: (null)
done.
Begin: Running /scripts/local-bottom ... done.
Begin: Running /scripts/init-bottom ... done.
[   23.228931] systemd[1]: systemd 229 running in system mode. (+PAM +AUDIT +SELINUX +IMA +APPARMOR +SMACK +SYSVINIT +UTMP +LIBCRYPTSETUP +GCRYPT +GNUTLS +ACL +XZ -LZ4 +SECCOMP +BLKID +ELFUTILS +KMOD -IDN)
[   23.607827] systemd[1]: Detected virtualization oracle.
[   23.690707] systemd[1]: Detected architecture x86-64.

Welcome to [1mUbuntu 16.04.5 LTS[0m!

[   23.851659] systemd[1]: Set hostname to <ubuntu-xenial>.
[   24.126350] systemd[1]: Listening on LVM2 metadata daemon socket.
[[0;32m  OK  [0m] Listening on LVM2 metadata daemon socket.
[   24.147240] systemd[1]: Created slice System Slice.
[[0;32m  OK  [0m] Created slice System Slice.
[   24.297099] systemd[1]: Listening on udev Control Socket.
[[0;32m  OK  [0m] Listening on udev Control Socket.
[   24.438445] random: nonblocking pool is initialized
[   25.516768] systemd[1]: Listening on Journal Socket (/dev/log).
[[0;32m  OK  [0m] Listening on Journal Socket (/dev/log).
[   25.628623] systemd[1]: Listening on Journal Audit Socket.
[[0;32m  OK  [0m] Listening on Journal Audit Socket.
[   25.731191] systemd[1]: Set up automount Arbitrary Executable File Formats File System Automount Point.
[[0;32m  OK  [0m] Set up automount Arbitrary Executab...ats File System Automount Point.
[   25.840175] systemd[1]: Listening on LVM2 poll daemon socket.
[[0;32m  OK  [0m] Listening on LVM2 poll daemon socket.
[   25.843969] systemd[1]: Listening on Syslog Socket.
[[0;32m  OK  [0m] Listening on Syslog Socket.
[   25.847661] systemd[1]: Created slice User and Session Slice.
[[0;32m  OK  [0m] Created slice User and Session Slice.
[   25.851597] systemd[1]: Reached target Slices.
[[0;32m  OK  [0m] Reached target Slices.
[   25.854595] systemd[1]: Started Forward Password Requests to Wall Directory Watch.
[[0;32m  OK  [0m] Started Forward Password Requests to Wall Directory Watch.
[   25.860850] systemd[1]: Listening on /dev/initctl Compatibility Named Pipe.
[[0;32m  OK  [0m] Listening on /dev/initctl Compatibility Named Pipe.
[   25.865129] systemd[1]: Reached target User and Group Name Lookups.
[[0;32m  OK  [0m] Reached target User and Group Name Lookups.
[   25.869592] systemd[1]: Listening on Device-mapper event daemon FIFOs.
[[0;32m  OK  [0m] Listening on Device-mapper event daemon FIFOs.
[   25.873948] systemd[1]: Listening on Journal Socket.
[[0;32m  OK  [0m] Listening on Journal Socket.
[   25.899222] systemd[1]: Starting Uncomplicated firewall...
         Starting Uncomplicated firewall...
[   25.902815] systemd[1]: Mounting Huge Pages File System...
         Mounting Huge Pages File System...
[   25.918710] systemd[1]: Starting Nameserver information manager...
         Starting Nameserver information manager...
[   25.943409] systemd[1]: Starting Journal Service...
         Starting Journal Service...
[   25.963288] systemd[1]: Starting Create list of required static device nodes for the current kernel...
         Starting Create list of required st... nodes for the current kernel...
[   25.974086] systemd[1]: Starting Load Kernel Modules...
         Starting Load Kernel Modules...
[   25.978161] systemd[1]: Starting Remount Root and Kernel File Systems...
         Starting Remount Root and Kernel File Systems...
[   25.985558] systemd[1]: Mounting POSIX Message Queue File System...
[   25.989006] EXT4-fs (sda1): re-munted. Opts: (null)

         Mounting POSIX Message Queue File System...
[   26.018108] systemd[1]: Reached target Swap.
[[0;32m  OK  [0m] Reached target Swap.
[   26.021518] systemd[1]: Listening on udev Kernel Socket.
[[0;32m  OK  [0m] Listening on udev Kernel Socket.
[   26.024914] Loading iSCSI transport class v2.0-870.
[   26.025097] systemd[1]: Created slice system-serial\x2dgetty.slice.
[[0;32m  OK  [0m] Created slice[   26.213970] iscsi: registered transport (tcp)
 system-serial\x2dgetty.slice.
[   26.310733] systemd[1]: Mounting Debug File System...
         Mounting Debug File System...
[   26.315278] systemd[1]: Started Trigger resolvconf update for networkd DNS.
[[0;32m  OK  [0m] Started Trigger resolvconf update for networkd DNS.
[   26.321331] systemd[1]: Reached target System Time Synchronized.
[[0;32m  OK  [0m] Reached target System Time Synchronized.
[   26.328336] systemd[1]: Starting Monitoring of LVM2 mirrors, snapshots etc. using dmeventd or progress polling...
[   26.332283] iscsi: registered transport (iser)
         Starting Monitoring of LVM2 mirrors... dmeventd or progress polling...
[   26.336658] systemd[1]: Reached target Encrypted Volumes.
[[0;32m  OK  [0m] Reached target Encrypted Volumes.
[   26.342129] systemd[1]: Starting Set console keymap...
         Starting Set console keymap...
[   26.349049] systemd[1]: Mounted Debug File System.
[[0;32m  OK  [0m] Mounted Debug File System.
[   26.358330] systemd[1]: Mounted Huge Pages File System.
[[0;32m  OK  [0m] Mounted Huge Pages File System.
[   26.363172] systemd[1]: Mounted POSIX Message Queue File System.
[[0;32m  OK  [0m] Mounted POSIX Message Queue File System.
[   26.408118] systemd[1]: Started Journal Service.
[[0;32m  OK  [0m] Started Journal Service.
[[0;32m  OK  [0m] Started Uncomplicated firewall.
[[0;32m  OK  [0m] Started Create list of required sta...ce nodes for the current kernel.
[[0;32m  OK  [0m] Started Load Kernel Modules.
[[0;32m  OK  [0m] Started Remount Root and Kernel File Systems.
[[0;32m  OK  [0m] Started Set console keymap.
[[0;32m  OK  [0m] Started Nameserver information manager.
[[0;32m  OK  [0m] Started LVM2 metadata daemon.
         Starting udev Coldplug all Devices...
         Starting Load/Save Random Seed...
         Starting Apply Kernel Variables...
         Mounting FUSE Control File System...
         Starting Create Static Device Nodes in /dev...
         Starting Flush Journal to Persistent Storage...
[[0;32m  OK  [0m] Mounted FUSE Control File System.
[[0;32m  OK  [0m] Started Load/Save Random Seed.
[[0;32m  OK  [0m] Started Apply Kernel Variables.
[[0;32m  OK  [0m] Started Create Static Device Nodes in /dev.
[[0;32m  OK  [0m] Started Monitoring of LVM2 mirrors,...ng dmeventd or progress polling.
[[0;32m  OK  [0m] Started udev Coldplug all Devices.
         Starting udev Kernel Device Manager...
[[0;32m  OK  [0m] Started Flush Journal to Persistent Storage.
[[0;32m  OK  [0m] Started udev Kernel Device Manager.
[[0;32m  OK  [0m] Started Dispatch Password Requests to Console Directory Watch.
[[0;32m  OK  [0m] Reached target Local File Systems (Pre).
[[0;32m  OK  [0m] Reached target Local File Systems.
         Starting Set console font and keymap...
         Starting LSB: AppArmor initialization...
         Starting Create Volatile Files and Directories...
         Starting Tell Plymouth To Write Out Runtime Data...
         Starting Initial cloud-init job (pre-networking)...
[[0;32m  OK  [0m] Started Tell Plymouth To Write Out Runtime Data.
[[0;32m  OK  [0m] Started Create Volatile Files and Directories.
         Starting Update UTMP about System Boot/Shutdown...
[[0;32m  OK  [0m] Started Update UTMP about System Boot/Shutdown.
[[0;32m  OK  [0m] Started LSB: AppArmor initialization.
[[0;32m  OK  [0m] Found device /dev/ttyS0.
[[0;32m  OK  [0m] Listening on Load/Save RF Kill Switch Status /dev/rfkill Watch.
[[0;32m  OK  [0m] Found device 82540EM Gigabit Ethern...r (PRO/1000 MT Desktop Adapter).
[[0;32m  OK  [0m] Found device 82540EM Gigabit Ethern...r (PRO/1000 MT Desktop Adapter).
[   19.432092] [cloud-init[0;32m  OK  [0m[499]: ] Cloud-init v. 18.3-9-g2e62cb8a-0ubuntu1~16.04.2 running 'init-local' at Fri, 19 Oct 2018 21:03:11 +0000. Up 19.19 seconds.Started Set console font and keymap.

[[0;32m  OK  [0m] Created slice system-getty.slice.
[[0;32m  OK  [0m] Started Initial cloud-init job (pre-networking).
[[0;32m  OK  [0m] Reached target Network (Pre).
[[0;32m  OK  [0m] Started ifup for enp0s8.
[[0;32m  OK  [0m] Started ifup for enp0s3.
         Starting Raise network interfaces...
[[0;32m  OK  [0m] Started Raise network interfaces.
[[0;32m  OK  [0m] Reached target Network.
         Starting Initial cloud-init job (metadata service crawler)...
[   20.425830] cloud-init[1121]: Cloud-init v. 18.3-9-g2e62cb8a-0ubuntu1~16.04.2 running 'init' at Fri, 19 Oct 2018 21:03:12 +0000. Up 20.15 seconds.
[   20.557764] [cloud-init[0;32m  OK  [0m[1121]: ] ci-info: ++++++++++++++++++++++++++++++++++++++Net device info+++++++++++++++++++++++++++++++++++++++Started Initial cloud-init job (metadata service crawler).

[   20.559076] cloud-init[1121]: ci-info: +--------+------+-----------------------------+---------------+--------+-------------------+
[   20.720502] [cloud-init[0;32m  OK  [0m[1121]: ] ci-info: | Device |  Up  |           Address           |      Mask     | Scope  |     Hw-Address    |Reached target Cloud-config availability.

[   20.761822] [[0;32m  OK  [0m] Reached target System Initialization.
[[0;32m  OK  [0m] Listening on UUID daemon activation socket.
[[0;32m  OK  [0m] Started Daily Cleanup of Temporary Directories.
cloud-init[1121]: ci-info: +--------+------+-----------------------------+---------------+--------+-------------------+
[   20.772414] [[0;32m  OK  [0m] Started ACPI Events Check.
[[0;32m  OK  [0m] Reached target Paths.
[[0;32m  OK  [0m] Listening on D-Bus System Message Bus Socket.
         Starting Socket activation for snappy daemon.
cloud-init[1121]: ci-info: | enp0s3 | True |          10.0.2.15          | 255.255.255.0 | global | 02:e1:e1:d1:e4:77 |
[   20.783110] cloud-init[1121]: ci-info: | enp0s3 | True |  fe80::e1:e1ff:fed1:e477/64 |       .       |  link  | 02:e1:e1:d1:e4:77 |
[   20.787086] cloud-init[1121]: ci-info: | enp0s8 | True |         172.28.128.5        | 255.255.255.0 | global | 08:00:27:70:2a:fa |
         Starting LXD - unix socket.
[[0;32m  OK  [0m] Listening on ACPID Listen Socket.
[   20.795397] cloud-init[1121]: ci-info: | enp0s8 | True | fe80::a00:27ff:fe70:2afa/64 |       .       |  link  | 08:00:27:70:2a:fa |
[   20.802121] cloud-init[1121]: ci-info: |   lo   | True |          127.0.0.1          |   255.0.0.0   |  host  |         .         |
[[0;32m  OK  [0m] Started Daily apt download activities.
[[0;32m  OK  [0m] Started Daily apt upgrade and clean activities.
[   20.809077] cloud-init[1121]: ci-info: |   lo   | True |           ::1/128           |       .       |  host  |         .         |
[   20.820801] cloud-init[1121]: ci-info: +--------+------+-----------------------------+---------------+--------+-------------------+
[   20.828302] [cloud-init[0;32m  OK  [0m[1121]: ] ci-info: ++++++++++++++++++++++++++++Route IPv4 info++++++++++++++++++++++++++++Reached target Timers.

[   20.908972] [cloud-init[0;32m  OK  [0m[1121]: ] ci-info: +-------+--------------+----------+---------------+-----------+-------+Listening on Avahi mDNS/DNS-SD Stack Activation Socket.

[   21.033053] [cloud-init[0;32m  OK  [0m[1121]: ] ci-info: | Route | Destination  | Gateway  |    Genmask    | Interface | Flags |Reached target Network is Online.

[   21.137842]          cloud-initStarting iSCSI initiator daemon (iscsid)...[1121]: 
ci-info: +-------+--------------+----------+---------------+-----------+-------+
[   21.257429] [cloud-init[0;32m  OK  [0m[1121]: ] ci-info: |   0   |   0.0.0.0    | 10.0.2.2 |    0.0.0.0    |   enp0s3  |   UG  |Listening on Socket activation for snappy daemon.

[   21.377322] [cloud-init[0;32m  OK  [0m[1121]: ] ci-info: |   1   |   10.0.2.0   | 0.0.0.0  | 255.255.255.0 |   enp0s3  |   U   |Listening on LXD - unix socket.

[   21.378768] cloud-init[1121]: ci-info: |   2   | 172.28.128.0 | 0.0.0.0  | 255.255.255.0 |   enp0s8  |   U   |
[   21.520842] cloud-init[1121]: ci-info: +-------+--------------+----------+---------------+-----------+-------+
[   21.612536] cloud-init[1121]: ci-info: +++++++++++++++++++Route IPv6 info+++++++++++++++++++
[   21.698489] cloud-init[1121]: ci-info: +-------+-------------+---------+-----------+-------+
[   21.764708] cloud-init[1121]: ci-info: | Route | Destination | Gateway | Interface | Flags |
[[0;32m  OK  [0m] Reached target Sockets.
[[0;32m  OK  [0m] Reached target Basic System.
[   21.848178] cloud-init[1121]: ci-info: +-------+-------------+---------+-----------+-------+
[   21.890065] cloud-init[1121]: ci-info: |   0   |  fe80::/64  |    ::   |   enp0s3  |   U   |
[   21.894197] cloud-init[1121]: ci-info: |   1   |  fe80::/64  |    ::   |   enp0s8  |   U   |
[   21.897514] cloud-init[1121]: ci-info: |   4   |   ff00::/8  |    ::   |   enp0s3  |   U   |
[   21.900812] cloud-init[1121]: ci-info: |   5   |   ff00::/8  |    ::   |   enp0s8  |   U   |
         Starting Virtualbox guest utils...
         Starting LSB: Record successful boot for GRUB...[   21.903949] cloud-init[1121]: ci-info: +-------+-------------+---------+-----------+-------+

[[0;32m  OK  [0m] Started D-Bus System Message Bus.
         Starting Login Service...
         Starting /etc/rc.local Compatibility...
[[0;32m  OK  [0m] Started ACPI event daemon.
[[0;32m  OK  [0m] Started Deferred execution scheduler.
         Starting LXD - container startup/shutdown...
         Starting LSB: MD monitoring daemon...
[[0;32m  OK  [0m] Started FUSE filesystem for LXC.
         Starting Accounts Service...
         Starting OpenBSD Secure Shell server...
         Starting System Logging Service...
[[0;32m  OK  [0m] Started Regular background program processing daemon.
         Starting Avahi mDNS/DNS-SD Stack...
[[0;32m  OK  [0m] Started Unattended Upgrades Shutdown.
         Starting Snappy daemon...
[[0;32m  OK  [0m] Started System Logging Service.
[[0;32m  OK  [0m] Started iSCSI initiator daemon (iscsid).
[[0;32m  OK  [0m] Started /etc/rc.local Compatibility.
[[0;32m  OK  [0m] Started OpenBSD Secure Shell server.
[[0;32m  OK  [0m] Started LXD - container startup/shutdown.
[[0;32m  OK  [0m] Started LSB: Record successful boot for GRUB.
[[0;32m  OK  [0m] Started Virtualbox guest utils.
[[0;32m  OK  [0m] Started LSB: MD monitoring daemon.
[[0;32m  OK  [0m] Started Avahi mDNS/DNS-SD Stack.
[[0;32m  OK  [0m] Started Login Service.
         Starting Authenticate and Authorize Users to Run Privileged Tasks...
         Starting Login to default iSCSI targets...
[[0;32m  OK  [0m] Started Snappy daemon.
[[0;32m  OK  [0m] Started Authenticate and Authorize Users to Run Privileged Tasks.
[[0;32m  OK  [0m] Started Accounts Service.
         Starting Wait until snapd is fully seeded...
[[0;32m  OK  [0m] Started Wait until snapd is fully seeded.
[[0;32m  OK  [0m] Started Login to default iSCSI targets.
[[0;32m  OK  [0m] Reached target Remote File Systems (Pre).
[[0;32m  OK  [0m] Reached target Remote File Systems.
         Starting LSB: daemon to balance interrupts for SMP systems...
         Starting LSB: automatic crash report generation...
         Starting LSB: Set the CPU Frequency Scaling governor to "ondemand"...
         Starting LSB: Mumble VoIP Server...
         Starting Permit User Sessions...
         Starting Apply the settings specified in cloud-config...
[[0;32m  OK  [0m] Started Permit User Sessions.
[[0;32m  OK  [0m] Started LSB: Set the CPU Frequency Scaling governor to "ondemand".
[[0;32m  OK  [0m] Started LSB: daemon to balance interrupts for SMP systems.
[[0;32m  OK  [0m] Started LSB: automatic crash report generation.
         Starting Hold until boot process finishes up...
         Starting Terminate Plymouth Boot Screen...
[[0;32m  OK  [0m] Started Hold until boot process finishes up.
[[0;32m  OK  [0m] Started Terminate Plymouth Boot Screen.
[[0;32m  OK  [0m] Started Getty on tty1.
[[0;32m  OK  [0m] Started Serial Getty on ttyS0.
[[0;32m  OK  [0m] Reached target Login Prompts.
         Starting Set console scheme...
[[0;32m  OK  [0m] Started Set console scheme.
[[0;32m  OK  [0m] Started LSB: Mumble VoIP Server.
[[0;32m  OK  [0m] Reached target Multi-User System.
[[0;32m  OK  [0m] Reached target Graphical Interface.
[   23.212503] cloud-init[1327]: Cloud-init v. 18.3-9-g2e62cb8a-0ubuntu1~16.04.2 running 'modules:config' at Fri, 19 Oct 2018 21:03:15 +0000. Up 23.09 seconds.
         Starting Update UTMP about System Runlevel Changes...
[[0;32m  OK  [0m] Started Apply the settings specified in cloud-config.
[[0;32m  OK  [0m] Started Update UTMP about System Runlevel Changes.
         Starting Execute cloud user/final scripts...
[   23.750283] cloud-init[1382]: Cloud-init v. 18.3-9-g2e62cb8a-0ubuntu1~16.04.2 running 'modules:final' at Fri, 19 Oct 2018 21:03:16 +0000. Up 23.63 seconds.
[   23.784633] cloud-init[1382]: Cloud-init v. 18.3-9-g2e62cb8a-0ubuntu1~16.04.2 finished at Fri, 19 Oct 2018 21:03:16 +0000. Datasource DataSourceNoCloud [seed=/dev/sdb][dsmode=net].  Up 23.74 seconds
[[0;32m  OK  [0m] Created slice User Slice of vagrant.
[[0;32m  OK  [0m] Started Execute cloud user/final scripts.
         Starting User Manager for UID 1000...
[[0;32m  OK  [0m] Reached target Cloud-init target.
[[0;32m  OK  [0m] Started User Manager for UID 1000.

Ubuntu 16.04.5 LTS ubuntu-xenial ttyS0

ubuntu-xenial login: [[0;32m  OK  [0m] Stopped target Cloud-init a[[0;32m  OK  [0m] Unmounted /var/lib/lxcfs.
[[0;32m  OK  [0m] Stopped Deferred execution scheduler.
[[0;32m  OK  [0m] Stopped Accounts Service.
[[0;32m  OK  [0m] Stopped OpenBSD Secure Shell server.
[[0;32m  OK  [0m] Stopped System Logging Service.
[[0;32m  OK  [0m] Stopped Regular background program processing daemon.
[[0;32m  OK  [0m] Stopped Avahi mDNS/DNS-SD Stack.
[[0;32m  OK  [0m] Stopped Snappy daemon.
[[0;32m  OK  [0m] Stopped Authenticate and Authorize Users to Run Privileged Tasks.
[[0;32m  OK  [0m] Stopped ACPI event daemon.
[[0;32m  OK  [0m] Stopped Getty on tty1.
[[0;32m  OK  [0m] Stopped Serial Getty on ttyS0.
[[0;32m  OK  [0m] Stopped User Manager for UID 1000.
[[0;32m  OK  [0m] Stopped Session 1 of user vagrant.
[[0;32m  OK  [0m] Stopped Session 64 of user vagrant.
[[0;32m  OK  [0m] Stopped D-Bus System Message Bus.
[[0;32m  OK  [0m] Stopped Unattended Upgrades Shutdown.
[[0;32m  OK  [0m] Stopped FUSE filesystem for LXC.
[[0;32m  OK  [0m] Stopped LXD - container startup/shutdown.
[[0;32m  OK  [0m] Stopped LSB: MD monitoring daemon.
[[0;32m  OK  [0m] Stopped LSB: Set the CPU Frequency Scaling governor to "ondemand".
[[0;32m  OK  [0m] Stopped LSB: Record successful boot for GRUB.
[[0;32m  OK  [0m] Stopped LSB: Mumble VoIP Server.
[[0;32m  OK  [0m] Stopped LSB: daemon to balance interrupts for SMP systems.
[[0;32m  OK  [0m] Stopped LSB: automatic crash report generation.
[[0;32m  OK  [0m] Stopped Virtualbox guest utils.
[[0;32m  OK  [0m] Removed slice User Slice of vagrant.
         Stopping Login Service...
[[0;32m  OK  [0m] Removed slice system-serial\x2dgetty.slice.
         Stopping Permit User Sessions...
[[0;32m  OK  [0m] Stopped /etc/rc.local Compatibility.
[[0;32m  OK  [0m] Removed slice system-getty.slice.
[[0;32m  OK  [0m] Stopped Login Service.
[[0;32m  OK  [0m] Stopped Permit User Sessions.
[[0;32m  OK  [0m] Stopped target Remote File Systems.
[[0;32m  OK  [0m] Stopped target Remote File Systems (Pre).
         Stopping Login to default iSCSI targets...
[[0;32m  OK  [0m] Stopped target User and Group Name Lookups.
[[0;32m  OK  [0m] Stopped target Basic System.
[[0;32m  OK  [0m] Stopped target Sockets.
[[0;32m  OK  [0m] Closed UUID daemon activation socket.
[[0;32m  OK  [0m] Closed ACPID Listen Socket.
[[0;32m  OK  [0m] Closed LXD - unix socket.
[[0;32m  OK  [0m] Closed Syslog Socket.
[[0;32m  OK  [0m] Closed Avahi mDNS/DNS-SD Stack Activation Socket.
[[0;32m  OK  [0m] Closed D-Bus System Message Bus Socket.
[[0;32m  OK  [0m] Closed Socket activation for snappy daemon.
[[0;32m  OK  [0m] Stopped target Slices.
[[0;32m  OK  [0m] Removed slice User and Session Slice.
[[0;32m  OK  [0m] Stopped target Paths.
[[0;32m  OK  [0m] Stopped ACPI Events Check.
[[0;32m  OK  [0m] Stopped Forward Password Requests to Wall Directory Watch.
[[0;32m  OK  [0m] Stopped Dispatch Password Requests to Console Directory Watch.
[[0;32m  OK  [0m] Stopped target System Initialization.
[[0;32m  OK  [0m] Stopped target Swap.
         Stopping Update UTMP about System Boot/Shutdown...
[[0;32m  OK  [0m] Stopped target Encrypted Volumes.
         Stopping Load/Save Random Seed...
[[0;32m  OK  [0m] Stopped Load/Save Random Seed.
[[0;32m  OK  [0m] Stopped Login to default iSCSI targets.
[[0;32m  OK  [0m] Stopped Update UTMP about System Boot/Shutdown.
[[0;32m  OK  [0m] Stopped Create Volatile Files and Directories.
         Stopping iSCSI initiator daemon (iscsid)...
[[0;32m  OK  [0m] Stopped iSCSI initiator daemon (iscsid).
[[0;32m  OK  [0m] Stopped target Network is Online.
[[0;32m  OK  [0m] Stopped target Network.
[[0;32m  OK  [0m] Stopped Initial cloud-init job (metadata service crawler).
         Stopping Raise network interfaces...
[[0;32m  OK  [0m] Stopped Raise network interfaces.
[[0;32m  OK  [0m] Stopped target Network (Pre).
[[0;32m  OK  [0m] Stopped Initial cloud-init job (pre-networking).
[[0;32m  OK  [0m] Stopped Apply Kernel Variables.
[[0;32m  OK  [0m] Stopped target Local File Systems.
         Unmounting /vagrant...
         Unmounting /run/user/1000...
[[0;32m  OK  [0m] Stopped Load Kernel Modules.
[[0;32m  OK  [0m] Unmounted /vagrant.
[[0;32m  OK  [0m] Unmounted /run/user/1000.
[[0;32m  OK  [0m] Reached target Unmount All Filesystems.
[[0;32m  OK  [0m] Stopped target Local File Systems (Pre).
         Stopping Monitoring of LVM2 mirrors... dmeventd or progress polling...
[[0;32m  OK  [0m] Stopped Create Static Device Nodes in /dev.
[[0;32m  OK  [0m] Stopped Remount Root and Kernel File Systems.
[[0;32m  OK  [0m] Reached target Shutdown.
[22730.820580] reboot: Power down
